[23Sep2024 00:00:01.389] [Server thread/INFO] [com.BrassAmber.ba_bt.BrassAmberBattleTowers/]: Setting obelisk data
[23Sep2024 00:00:01.391] [Server thread/INFO] [com.BrassAmber.ba_bt.BrassAmberBattleTowers/]: Setting obelisk data
[23Sep2024 00:01:38.638] [Server thread/WARN] [net.minecraft.server.level.ServerPlayerGameMode/]: Mismatch in destroy block pos: BlockPos{x=35, y=19, z=-624} BlockPos{x=35, y=18, z=-624}
[23Sep2024 00:01:42.014] [Server thread/WARN] [net.minecraft.server.level.ServerPlayerGameMode/]: Mismatch in destroy block pos: BlockPos{x=33, y=18, z=-624} BlockPos{x=33, y=19, z=-624}
[23Sep2024 00:01:42.088] [Server thread/WARN] [net.minecraft.server.level.ServerPlayerGameMode/]: Mismatch in destroy block pos: BlockPos{x=33, y=18, z=-624} BlockPos{x=33, y=19, z=-624}
[23Sep2024 00:04:07.727] [Server thread/INFO] [com.BrassAmber.ba_bt.BrassAmberBattleTowers/]: Setting obelisk data
[23Sep2024 00:04:07.728] [Server thread/INFO] [com.BrassAmber.ba_bt.BrassAmberBattleTowers/]: Setting obelisk data
[23Sep2024 00:04:07.745] [Server thread/WARN] [net.minecraft.server.level.ServerEntity/]: Fetching packet for removed entity ItemEntity['Air'/22328, l='ServerLevel[world]', x=330.46, y=89.43, z=-169.61, removed=DISCARDED]
[23Sep2024 00:04:07.746] [Server thread/WARN] [net.minecraft.server.level.ServerEntity/]: Fetching packet for removed entity ItemEntity['Air'/22329, l='ServerLevel[world]', x=331.38, y=89.44, z=-169.46, removed=DISCARDED]
[23Sep2024 00:04:07.746] [Server thread/WARN] [net.minecraft.server.level.ServerEntity/]: Fetching packet for removed entity ItemEntity['Air'/22330, l='ServerLevel[world]', x=332.44, y=89.42, z=-169.52, removed=DISCARDED]
[23Sep2024 00:04:07.746] [Server thread/WARN] [net.minecraft.server.level.ServerEntity/]: Fetching packet for removed entity ItemEntity['Air'/22331, l='ServerLevel[world]', x=330.62, y=89.62, z=-169.41, removed=DISCARDED]
[23Sep2024 00:04:07.747] [Server thread/WARN] [net.minecraft.server.level.ServerEntity/]: Fetching packet for removed entity ItemEntity['Air'/22332, l='ServerLevel[world]', x=331.47, y=89.61, z=-169.52, removed=DISCARDED]
[23Sep2024 00:04:07.747] [Server thread/WARN] [net.minecraft.server.level.ServerEntity/]: Fetching packet for removed entity ItemEntity['Air'/22333, l='ServerLevel[world]', x=330.42, y=89.42, z=-169.48, removed=DISCARDED]
[23Sep2024 00:04:07.747] [Server thread/WARN] [net.minecraft.server.level.ServerEntity/]: Fetching packet for removed entity ItemEntity['Air'/22334, l='ServerLevel[world]', x=331.39, y=89.50, z=-169.57, removed=DISCARDED]
[23Sep2024 00:04:07.747] [Server thread/WARN] [net.minecraft.server.level.ServerEntity/]: Fetching packet for removed entity ItemEntity['Air'/22336, l='ServerLevel[world]', x=330.42, y=89.57, z=-169.50, removed=DISCARDED]
[23Sep2024 00:04:07.748] [Server thread/WARN] [net.minecraft.server.level.ServerEntity/]: Fetching packet for removed entity ItemEntity['Air'/22337, l='ServerLevel[world]', x=331.46, y=89.53, z=-169.54, removed=DISCARDED]
[23Sep2024 00:04:07.748] [Server thread/WARN] [net.minecraft.server.level.ServerEntity/]: Fetching packet for removed entity ItemEntity['Air'/22338, l='ServerLevel[world]', x=330.57, y=89.40, z=-169.49, removed=DISCARDED]
[23Sep2024 00:04:07.748] [Server thread/WARN] [net.minecraft.server.level.ServerEntity/]: Fetching packet for removed entity ItemEntity['Air'/22339, l='ServerLevel[world]', x=331.51, y=89.61, z=-169.44, removed=DISCARDED]
[23Sep2024 00:04:07.749] [Server thread/WARN] [net.minecraft.server.level.ServerEntity/]: Fetching packet for removed entity ItemEntity['Air'/22340, l='ServerLevel[world]', x=332.44, y=89.60, z=-169.56, removed=DISCARDED]
[23Sep2024 00:04:07.749] [Server thread/WARN] [net.minecraft.server.level.ServerEntity/]: Fetching packet for removed entity ItemEntity['Air'/22341, l='ServerLevel[world]', x=330.57, y=89.62, z=-169.38, removed=DISCARDED]
[23Sep2024 00:04:07.749] [Server thread/WARN] [net.minecraft.server.level.ServerEntity/]: Fetching packet for removed entity ItemEntity['Air'/22342, l='ServerLevel[world]', x=331.40, y=89.42, z=-169.50, removed=DISCARDED]
[23Sep2024 00:04:07.750] [Server thread/WARN] [net.minecraft.server.level.ServerEntity/]: Fetching packet for removed entity ItemEntity['Air'/22343, l='ServerLevel[world]', x=330.48, y=89.52, z=-169.45, removed=DISCARDED]
[23Sep2024 00:04:07.750] [Server thread/WARN] [net.minecraft.server.level.ServerEntity/]: Fetching packet for removed entity ItemEntity['Air'/22344, l='ServerLevel[world]', x=331.41, y=89.55, z=-169.38, removed=DISCARDED]
[23Sep2024 00:04:07.750] [Server thread/WARN] [net.minecraft.server.level.ServerEntity/]: Fetching packet for removed entity ItemEntity['Air'/22345, l='ServerLevel[world]', x=332.42, y=89.45, z=-169.57, removed=DISCARDED]
[23Sep2024 00:04:07.751] [Server thread/WARN] [net.minecraft.server.level.ServerEntity/]: Fetching packet for removed entity ItemEntity['Air'/22346, l='ServerLevel[world]', x=330.51, y=89.46, z=-169.47, removed=DISCARDED]
[23Sep2024 00:04:07.751] [Server thread/WARN] [net.minecraft.server.level.ServerEntity/]: Fetching packet for removed entity ItemEntity['Air'/22347, l='ServerLevel[world]', x=331.39, y=89.40, z=-169.52, removed=DISCARDED]
[23Sep2024 00:04:07.751] [Server thread/WARN] [net.minecraft.server.level.ServerEntity/]: Fetching packet for removed entity ItemEntity['Air'/22348, l='ServerLevel[world]', x=330.41, y=89.44, z=-169.47, removed=DISCARDED]
[23Sep2024 00:04:07.752] [Server thread/WARN] [net.minecraft.server.level.ServerEntity/]: Fetching packet for removed entity ItemEntity['Air'/22349, l='ServerLevel[world]', x=331.62, y=89.60, z=-169.42, removed=DISCARDED]
[23Sep2024 00:04:07.752] [Server thread/WARN] [net.minecraft.server.level.ServerEntity/]: Fetching packet for removed entity ItemEntity['Air'/22350, l='ServerLevel[world]', x=332.40, y=89.56, z=-169.59, removed=DISCARDED]
[23Sep2024 00:04:07.753] [Server thread/WARN] [net.minecraft.server.level.ServerEntity/]: Fetching packet for removed entity ItemEntity['Air'/22351, l='ServerLevel[world]', x=330.62, y=89.62, z=-169.54, removed=DISCARDED]
[23Sep2024 00:04:07.753] [Server thread/WARN] [net.minecraft.server.level.ServerEntity/]: Fetching packet for removed entity ItemEntity['Air'/22352, l='ServerLevel[world]', x=331.56, y=89.49, z=-169.42, removed=DISCARDED]
[23Sep2024 00:04:07.753] [Server thread/WARN] [net.minecraft.server.level.ServerEntity/]: Fetching packet for removed entity ItemEntity['Air'/26461, l='ServerLevel[world]', x=331.41, y=89.40, z=-169.56, removed=DISCARDED]
[23Sep2024 00:04:07.753] [Server thread/WARN] [net.minecraft.server.level.ServerEntity/]: Fetching packet for removed entity ItemEntity['Air'/26462, l='ServerLevel[world]', x=332.56, y=89.46, z=-169.61, removed=DISCARDED]
[23Sep2024 00:04:07.753] [Server thread/WARN] [net.minecraft.server.level.ServerEntity/]: Fetching packet for removed entity ItemEntity['Air'/26463, l='ServerLevel[world]', x=330.62, y=89.59, z=-169.53, removed=DISCARDED]
[23Sep2024 00:04:07.754] [Server thread/WARN] [net.minecraft.server.level.ServerEntity/]: Fetching packet for removed entity ItemEntity['Air'/26464, l='ServerLevel[world]', x=331.62, y=89.62, z=-169.62, removed=DISCARDED]
[23Sep2024 00:04:07.754] [Server thread/WARN] [net.minecraft.server.level.ServerEntity/]: Fetching packet for removed entity ItemEntity['Air'/26465, l='ServerLevel[world]', x=330.59, y=89.59, z=-169.60, removed=DISCARDED]
[23Sep2024 00:04:07.754] [Server thread/WARN] [net.minecraft.server.level.ServerEntity/]: Fetching packet for removed entity ItemEntity['Air'/26467, l='ServerLevel[world]', x=332.51, y=89.55, z=-169.51, removed=DISCARDED]
[23Sep2024 00:04:07.754] [Server thread/WARN] [net.minecraft.server.level.ServerEntity/]: Fetching packet for removed entity ItemEntity['Air'/26468, l='ServerLevel[world]', x=330.50, y=89.40, z=-169.52, removed=DISCARDED]
[23Sep2024 00:04:07.754] [Server thread/WARN] [net.minecraft.server.level.ServerEntity/]: Fetching packet for removed entity ItemEntity['Air'/26469, l='ServerLevel[world]', x=331.44, y=89.46, z=-169.46, removed=DISCARDED]
[23Sep2024 00:04:07.754] [Server thread/WARN] [net.minecraft.server.level.ServerEntity/]: Fetching packet for removed entity ItemEntity['Air'/26470, l='ServerLevel[world]', x=330.57, y=89.52, z=-169.60, removed=DISCARDED]
[23Sep2024 00:04:07.754] [Server thread/WARN] [net.minecraft.server.level.ServerEntity/]: Fetching packet for removed entity ItemEntity['Air'/26471, l='ServerLevel[world]', x=331.42, y=89.61, z=-169.62, removed=DISCARDED]
[23Sep2024 00:04:07.755] [Server thread/WARN] [net.minecraft.server.level.ServerEntity/]: Fetching packet for removed entity ItemEntity['Air'/26472, l='ServerLevel[world]', x=332.40, y=89.49, z=-169.39, removed=DISCARDED]
[23Sep2024 00:04:07.755] [Server thread/WARN] [net.minecraft.server.level.ServerEntity/]: Fetching packet for removed entity ItemEntity['Air'/26473, l='ServerLevel[world]', x=330.41, y=89.46, z=-169.56, removed=DISCARDED]
[23Sep2024 00:04:07.755] [Server thread/WARN] [net.minecraft.server.level.ServerEntity/]: Fetching packet for removed entity ItemEntity['Air'/26474, l='ServerLevel[world]', x=331.46, y=89.52, z=-169.47, removed=DISCARDED]
[23Sep2024 00:04:07.755] [Server thread/WARN] [net.minecraft.server.level.ServerEntity/]: Fetching packet for removed entity ItemEntity['Air'/26475, l='ServerLevel[world]', x=330.50, y=89.45, z=-169.54, removed=DISCARDED]
[23Sep2024 00:04:07.755] [Server thread/WARN] [net.minecraft.server.level.ServerEntity/]: Fetching packet for removed entity ItemEntity['Air'/26476, l='ServerLevel[world]', x=331.42, y=89.39, z=-169.40, removed=DISCARDED]
[23Sep2024 00:04:07.755] [Server thread/WARN] [net.minecraft.server.level.ServerEntity/]: Fetching packet for removed entity ItemEntity['Air'/26477, l='ServerLevel[world]', x=332.40, y=89.52, z=-169.46, removed=DISCARDED]
[23Sep2024 00:04:07.755] [Server thread/WARN] [net.minecraft.server.level.ServerEntity/]: Fetching packet for removed entity ItemEntity['Air'/26478, l='ServerLevel[world]', x=330.39, y=89.59, z=-169.38, removed=DISCARDED]
[23Sep2024 00:04:07.756] [Server thread/WARN] [net.minecraft.server.level.ServerEntity/]: Fetching packet for removed entity ItemEntity['Air'/26479, l='ServerLevel[world]', x=331.60, y=89.55, z=-169.61, removed=DISCARDED]
[23Sep2024 00:04:07.756] [Server thread/WARN] [net.minecraft.server.level.ServerEntity/]: Fetching packet for removed entity ItemEntity['Air'/26480, l='ServerLevel[world]', x=330.48, y=89.39, z=-169.47, removed=DISCARDED]
[23Sep2024 00:04:07.756] [Server thread/WARN] [net.minecraft.server.level.ServerEntity/]: Fetching packet for removed entity ItemEntity['Air'/26481, l='ServerLevel[world]', x=331.56, y=89.61, z=-169.51, removed=DISCARDED]
[23Sep2024 00:04:07.756] [Server thread/WARN] [net.minecraft.server.level.ServerEntity/]: Fetching packet for removed entity ItemEntity['Air'/26482, l='ServerLevel[world]', x=332.46, y=89.53, z=-169.41, removed=DISCARDED]
[23Sep2024 00:04:07.756] [Server thread/WARN] [net.minecraft.server.level.ServerEntity/]: Fetching packet for removed entity ItemEntity['Air'/26483, l='ServerLevel[world]', x=330.46, y=89.62, z=-169.43, removed=DISCARDED]
[23Sep2024 00:04:07.757] [Server thread/WARN] [net.minecraft.server.level.ServerEntity/]: Fetching packet for removed entity ItemEntity['Air'/26484, l='ServerLevel[world]', x=331.42, y=89.51, z=-169.53, removed=DISCARDED]
[23Sep2024 00:04:07.757] [Server thread/WARN] [net.minecraft.server.level.ServerEntity/]: Fetching packet for removed entity ItemEntity['Air'/26485, l='ServerLevel[world]', x=330.39, y=89.48, z=-169.49, removed=DISCARDED]
[23Sep2024 00:04:07.757] [Server thread/WARN] [net.minecraft.server.level.ServerEntity/]: Fetching packet for removed entity ItemEntity['Air'/26486, l='ServerLevel[world]', x=331.48, y=89.52, z=-169.49, removed=DISCARDED]
[23Sep2024 00:04:07.757] [Server thread/WARN] [net.minecraft.server.level.ServerEntity/]: Fetching packet for removed entity ItemEntity['Air'/26487, l='ServerLevel[world]', x=332.43, y=89.54, z=-169.38, removed=DISCARDED]
[23Sep2024 00:04:07.757] [Server thread/WARN] [net.minecraft.server.level.ServerEntity/]: Fetching packet for removed entity ItemEntity['Air'/26488, l='ServerLevel[world]', x=330.57, y=89.38, z=-169.48, removed=DISCARDED]
[23Sep2024 00:04:07.757] [Server thread/WARN] [net.minecraft.server.level.ServerEntity/]: Fetching packet for removed entity ItemEntity['Air'/26489, l='ServerLevel[world]', x=331.46, y=89.40, z=-169.40, removed=DISCARDED]
[23Sep2024 00:04:07.757] [Server thread/WARN] [net.minecraft.server.level.ServerEntity/]: Fetching packet for removed entity ItemEntity['Air'/26490, l='ServerLevel[world]', x=330.47, y=89.43, z=-169.42, removed=DISCARDED]
[23Sep2024 00:04:07.758] [Server thread/WARN] [net.minecraft.server.level.ServerEntity/]: Fetching packet for removed entity ItemEntity['Air'/26491, l='ServerLevel[world]', x=331.41, y=89.46, z=-169.59, removed=DISCARDED]
[23Sep2024 00:04:07.758] [Server thread/WARN] [net.minecraft.server.level.ServerEntity/]: Fetching packet for removed entity ItemEntity['Air'/26492, l='ServerLevel[world]', x=332.49, y=89.39, z=-169.38, removed=DISCARDED]
[23Sep2024 00:04:07.758] [Server thread/WARN] [net.minecraft.server.level.ServerEntity/]: Fetching packet for removed entity ItemEntity['Air'/26493, l='ServerLevel[world]', x=330.59, y=89.39, z=-169.57, removed=DISCARDED]
[23Sep2024 00:04:07.758] [Server thread/WARN] [net.minecraft.server.level.ServerEntity/]: Fetching packet for removed entity ItemEntity['Air'/26494, l='ServerLevel[world]', x=331.58, y=89.56, z=-169.38, removed=DISCARDED]
[23Sep2024 00:04:07.759] [Server thread/WARN] [net.minecraft.server.level.ServerEntity/]: Fetching packet for removed entity ItemEntity['Air'/26495, l='ServerLevel[world]', x=330.38, y=89.39, z=-169.61, removed=DISCARDED]
[23Sep2024 00:04:07.759] [Server thread/WARN] [net.minecraft.server.level.ServerEntity/]: Fetching packet for removed entity ItemEntity['Air'/26496, l='ServerLevel[world]', x=331.42, y=89.56, z=-169.44, removed=DISCARDED]
[23Sep2024 00:04:07.759] [Server thread/WARN] [net.minecraft.server.level.ServerEntity/]: Fetching packet for removed entity ItemEntity['Air'/26497, l='ServerLevel[world]', x=332.51, y=89.44, z=-169.62, removed=DISCARDED]
[23Sep2024 00:04:07.760] [Server thread/WARN] [net.minecraft.server.level.ServerEntity/]: Fetching packet for removed entity ItemEntity['Air'/26498, l='ServerLevel[world]', x=330.39, y=89.53, z=-169.48, removed=DISCARDED]
[23Sep2024 00:04:07.760] [Server thread/WARN] [net.minecraft.server.level.ServerEntity/]: Fetching packet for removed entity ItemEntity['Air'/26499, l='ServerLevel[world]', x=331.44, y=89.49, z=-169.44, removed=DISCARDED]
[23Sep2024 00:04:07.760] [Server thread/WARN] [net.minecraft.server.level.ServerEntity/]: Fetching packet for removed entity ItemEntity['Air'/26500, l='ServerLevel[world]', x=330.38, y=89.44, z=-169.48, removed=DISCARDED]
[23Sep2024 00:04:07.760] [Server thread/WARN] [net.minecraft.server.level.ServerEntity/]: Fetching packet for removed entity ItemEntity['Air'/26501, l='ServerLevel[world]', x=331.38, y=89.61, z=-169.38, removed=DISCARDED]
[23Sep2024 00:04:07.760] [Server thread/WARN] [net.minecraft.server.level.ServerEntity/]: Fetching packet for removed entity ItemEntity['Air'/26502, l='ServerLevel[world]', x=332.52, y=89.49, z=-169.50, removed=DISCARDED]
[23Sep2024 00:04:07.760] [Server thread/WARN] [net.minecraft.server.level.ServerEntity/]: Fetching packet for removed entity ItemEntity['Air'/26503, l='ServerLevel[world]', x=330.46, y=89.48, z=-169.41, removed=DISCARDED]
[23Sep2024 00:04:07.760] [Server thread/WARN] [net.minecraft.server.level.ServerEntity/]: Fetching packet for removed entity ItemEntity['Air'/26504, l='ServerLevel[world]', x=331.48, y=89.56, z=-169.42, removed=DISCARDED]
[23Sep2024 00:04:07.760] [Server thread/WARN] [net.minecraft.server.level.ServerEntity/]: Fetching packet for removed entity ItemEntity['Air'/26505, l='ServerLevel[world]', x=330.53, y=89.51, z=-169.49, removed=DISCARDED]
[23Sep2024 00:04:07.760] [Server thread/WARN] [net.minecraft.server.level.ServerEntity/]: Fetching packet for removed entity ItemEntity['Air'/26506, l='ServerLevel[world]', x=331.41, y=89.52, z=-169.61, removed=DISCARDED]
[23Sep2024 00:04:07.761] [Server thread/WARN] [net.minecraft.server.level.ServerEntity/]: Fetching packet for removed entity ItemEntity['Air'/26507, l='ServerLevel[world]', x=332.41, y=89.41, z=-169.49, removed=DISCARDED]
[23Sep2024 00:04:07.761] [Server thread/WARN] [net.minecraft.server.level.ServerEntity/]: Fetching packet for removed entity ItemEntity['Air'/26508, l='ServerLevel[world]', x=330.39, y=89.46, z=-169.48, removed=DISCARDED]
[23Sep2024 00:04:07.761] [Server thread/WARN] [net.minecraft.server.level.ServerEntity/]: Fetching packet for removed entity ItemEntity['Air'/26509, l='ServerLevel[world]', x=331.55, y=89.48, z=-169.45, removed=DISCARDED]
[23Sep2024 00:04:07.761] [Server thread/WARN] [net.minecraft.server.level.ServerEntity/]: Fetching packet for removed entity ItemEntity['Air'/26510, l='ServerLevel[world]', x=330.59, y=89.61, z=-169.61, removed=DISCARDED]
[23Sep2024 00:04:07.761] [Server thread/WARN] [net.minecraft.server.level.ServerEntity/]: Fetching packet for removed entity ItemEntity['Air'/26511, l='ServerLevel[world]', x=331.48, y=89.50, z=-169.50, removed=DISCARDED]
[23Sep2024 00:04:07.762] [Server thread/WARN] [net.minecraft.server.level.ServerEntity/]: Fetching packet for removed entity ItemEntity['Air'/26512, l='ServerLevel[world]', x=332.53, y=89.56, z=-169.56, removed=DISCARDED]
[23Sep2024 00:04:07.762] [Server thread/WARN] [net.minecraft.server.level.ServerEntity/]: Fetching packet for removed entity ItemEntity['Air'/26513, l='ServerLevel[world]', x=330.45, y=89.56, z=-169.45, removed=DISCARDED]
[23Sep2024 00:04:07.762] [Server thread/WARN] [net.minecraft.server.level.ServerEntity/]: Fetching packet for removed entity ItemEntity['Air'/26514, l='ServerLevel[world]', x=331.53, y=89.42, z=-169.52, removed=DISCARDED]
[23Sep2024 00:04:07.762] [Server thread/WARN] [net.minecraft.server.level.ServerEntity/]: Fetching packet for removed entity ItemEntity['Air'/26515, l='ServerLevel[world]', x=330.57, y=89.49, z=-169.55, removed=DISCARDED]
[23Sep2024 00:04:07.762] [Server thread/WARN] [net.minecraft.server.level.ServerEntity/]: Fetching packet for removed entity ItemEntity['Air'/26516, l='ServerLevel[world]', x=331.50, y=89.62, z=-169.39, removed=DISCARDED]
[23Sep2024 00:04:07.763] [Server thread/WARN] [net.minecraft.server.level.ServerEntity/]: Fetching packet for removed entity ItemEntity['Air'/26517, l='ServerLevel[world]', x=332.49, y=89.46, z=-169.40, removed=DISCARDED]
[23Sep2024 00:04:07.764] [Server thread/WARN] [net.minecraft.server.level.ServerEntity/]: Fetching packet for removed entity ItemEntity['Air'/26518, l='ServerLevel[world]', x=330.41, y=89.59, z=-169.42, removed=DISCARDED]
[23Sep2024 00:04:07.764] [Server thread/WARN] [net.minecraft.server.level.ServerEntity/]: Fetching packet for removed entity ItemEntity['Air'/26519, l='ServerLevel[world]', x=331.57, y=89.55, z=-169.57, removed=DISCARDED]
[23Sep2024 00:04:07.764] [Server thread/WARN] [net.minecraft.server.level.ServerEntity/]: Fetching packet for removed entity ItemEntity['Air'/26520, l='ServerLevel[world]', x=330.39, y=89.41, z=-169.52, removed=DISCARDED]
[23Sep2024 00:04:07.764] [Server thread/WARN] [net.minecraft.server.level.ServerEntity/]: Fetching packet for removed entity ItemEntity['Air'/26521, l='ServerLevel[world]', x=331.62, y=89.45, z=-169.42, removed=DISCARDED]
[23Sep2024 00:04:07.764] [Server thread/WARN] [net.minecraft.server.level.ServerEntity/]: Fetching packet for removed entity ItemEntity['Air'/26522, l='ServerLevel[world]', x=332.54, y=89.45, z=-169.38, removed=DISCARDED]
[23Sep2024 00:04:07.764] [Server thread/WARN] [net.minecraft.server.level.ServerEntity/]: Fetching packet for removed entity ItemEntity['Air'/26523, l='ServerLevel[world]', x=330.51, y=89.47, z=-169.46, removed=DISCARDED]
[23Sep2024 00:04:07.764] [Server thread/WARN] [net.minecraft.server.level.ServerEntity/]: Fetching packet for removed entity ItemEntity['Air'/26524, l='ServerLevel[world]', x=331.57, y=89.58, z=-169.55, removed=DISCARDED]
[23Sep2024 00:04:07.764] [Server thread/WARN] [net.minecraft.server.level.ServerEntity/]: Fetching packet for removed entity ItemEntity['Air'/26525, l='ServerLevel[world]', x=330.60, y=89.53, z=-169.60, removed=DISCARDED]
[23Sep2024 00:04:07.765] [Server thread/WARN] [net.minecraft.server.level.ServerEntity/]: Fetching packet for removed entity ItemEntity['Air'/26526, l='ServerLevel[world]', x=331.41, y=89.38, z=-169.46, removed=DISCARDED]
[23Sep2024 00:04:07.765] [Server thread/WARN] [net.minecraft.server.level.ServerEntity/]: Fetching packet for removed entity ItemEntity['Air'/26527, l='ServerLevel[world]', x=332.43, y=89.39, z=-169.38, removed=DISCARDED]
[23Sep2024 00:04:07.765] [Server thread/WARN] [net.minecraft.server.level.ServerEntity/]: Fetching packet for removed entity ItemEntity['Air'/26528, l='ServerLevel[world]', x=330.52, y=89.49, z=-169.61, removed=DISCARDED]
[23Sep2024 00:04:07.765] [Server thread/WARN] [net.minecraft.server.level.ServerEntity/]: Fetching packet for removed entity ItemEntity['Air'/26529, l='ServerLevel[world]', x=331.51, y=89.59, z=-169.55, removed=DISCARDED]
[23Sep2024 00:04:07.765] [Server thread/WARN] [net.minecraft.server.level.ServerEntity/]: Fetching packet for removed entity ItemEntity['Air'/26531, l='ServerLevel[world]', x=331.61, y=89.49, z=-169.55, removed=DISCARDED]
[23Sep2024 00:04:07.765] [Server thread/WARN] [net.minecraft.server.level.ServerEntity/]: Fetching packet for removed entity ItemEntity['Air'/26532, l='ServerLevel[world]', x=332.55, y=89.54, z=-169.38, removed=DISCARDED]
[23Sep2024 00:04:07.766] [Server thread/WARN] [net.minecraft.server.level.ServerEntity/]: Fetching packet for removed entity ItemEntity['Air'/26533, l='ServerLevel[world]', x=330.47, y=89.42, z=-169.49, removed=DISCARDED]
[23Sep2024 00:04:07.766] [Server thread/WARN] [net.minecraft.server.level.ServerEntity/]: Fetching packet for removed entity ItemEntity['Air'/26534, l='ServerLevel[world]', x=331.58, y=89.56, z=-169.52, removed=DISCARDED]
[23Sep2024 00:04:07.766] [Server thread/WARN] [net.minecraft.server.level.ServerEntity/]: Fetching packet for removed entity ItemEntity['Air'/26535, l='ServerLevel[world]', x=330.56, y=89.43, z=-169.58, removed=DISCARDED]
[23Sep2024 00:04:07.766] [Server thread/WARN] [net.minecraft.server.level.ServerEntity/]: Fetching packet for removed entity ItemEntity['Air'/26536, l='ServerLevel[world]', x=331.45, y=89.61, z=-169.61, removed=DISCARDED]
[23Sep2024 00:04:07.766] [Server thread/WARN] [net.minecraft.server.level.ServerEntity/]: Fetching packet for removed entity ItemEntity['Air'/26537, l='ServerLevel[world]', x=332.48, y=89.47, z=-169.56, removed=DISCARDED]
[23Sep2024 00:04:07.766] [Server thread/WARN] [net.minecraft.server.level.ServerEntity/]: Fetching packet for removed entity ItemEntity['Air'/26538, l='ServerLevel[world]', x=330.56, y=89.61, z=-169.52, removed=DISCARDED]
[23Sep2024 00:04:07.766] [Server thread/WARN] [net.minecraft.server.level.ServerEntity/]: Fetching packet for removed entity ItemEntity['Air'/26539, l='ServerLevel[world]', x=331.46, y=89.47, z=-169.39, removed=DISCARDED]
[23Sep2024 00:04:07.767] [Server thread/WARN] [net.minecraft.server.level.ServerEntity/]: Fetching packet for removed entity ItemEntity['Air'/26540, l='ServerLevel[world]', x=330.40, y=89.57, z=-169.50, removed=DISCARDED]
[23Sep2024 00:04:07.767] [Server thread/WARN] [net.minecraft.server.level.ServerEntity/]: Fetching packet for removed entity ItemEntity['Air'/26541, l='ServerLevel[world]', x=331.47, y=89.38, z=-169.60, removed=DISCARDED]
[23Sep2024 00:05:17.374] [Server thread/INFO] [de.melanx.simplebackups.SimpleBackups/]: Backup done.
[23Sep2024 00:05:17.381] [SimpleBackups/INFO] [de.melanx.simplebackups.BackupThread/]: Successfully deleted "world_2024-09-08_06-54-16.zip"
[23Sep2024 00:06:39.880] [Server thread/INFO] [APTweaks(Core)/]: [APTweaks:Core] ↑ Server load changed from VERY_LOW (avg. 7.514511585235596) to LOW (avg. 34.63385009765625)
[23Sep2024 00:06:47.369] [Server thread/INFO] [APTweaks(Core)/]: [APTweaks:Core] ↓ Server load changed from LOW (avg. 34.63385009765625) to VERY_LOW (avg. 10.264009475708008)
[23Sep2024 00:06:50.327] [Server thread/INFO] [sereneseasons/]: Season time skipped by 10062 in simple_mobs:distant_land
[23Sep2024 00:06:50.327] [Server thread/INFO] [sereneseasons/]: Season time skipped by 10062 in blue_skies:everdawn
[23Sep2024 00:06:50.327] [Server thread/INFO] [sereneseasons/]: Season time skipped by 10062 in simple_mobs:fervent_dream
[23Sep2024 00:06:50.328] [Server thread/INFO] [sereneseasons/]: Season time skipped by 10062 in minecraft:the_end
[23Sep2024 00:06:50.328] [Server thread/INFO] [sereneseasons/]: Season time skipped by 10062 in blue_skies:everbright
[23Sep2024 00:06:50.328] [Server thread/INFO] [sereneseasons/]: Season time skipped by 10062 in minecraft:the_nether
[23Sep2024 00:06:50.369] [Server thread/INFO] [sereneseasons/]: Season time skipped by 10062 in minecraft:overworld
[23Sep2024 00:11:03.726] [Server thread/INFO] [net.minecraft.world.entity.LivingEntity/]: Named entity WanderingTrader['Lashawn'/42302, l='ServerLevel[world]', x=337.70, y=87.81, z=-169.70] died: Lashawn was incinerated by an Encased Fan
[23Sep2024 00:37:32.373] [Server thread/INFO] [APTweaks(Core)/]: [APTweaks:Core] ↑ Server load changed from VERY_LOW (avg. 7.242387294769287) to LOW (avg. 38.653236389160156)
[23Sep2024 00:37:39.869] [Server thread/INFO] [APTweaks(Core)/]: [APTweaks:Core] ↓ Server load changed from LOW (avg. 38.653236389160156) to VERY_LOW (avg. 7.6911821365356445)
[23Sep2024 00:40:14.987] [Server thread/INFO] [net.minecraft.server.dedicated.DedicatedServer/]: Reaccon453 burned to death
[23Sep2024 00:40:16.577] [Server thread/INFO] [Reputation/]: Syncing 3 factions to the client
[23Sep2024 00:40:16.590] [Server thread/WARN] [net.minecraft.server.level.ServerEntity/]: Fetching packet for removed entity ItemEntity['Air'/26516, l='ServerLevel[world]', x=331.50, y=89.62, z=-169.39, removed=DISCARDED]
[23Sep2024 00:40:16.590] [Server thread/WARN] [net.minecraft.server.level.ServerEntity/]: Fetching packet for removed entity ItemEntity['Air'/26515, l='ServerLevel[world]', x=330.57, y=89.49, z=-169.55, removed=DISCARDED]
[23Sep2024 00:40:16.590] [Server thread/WARN] [net.minecraft.server.level.ServerEntity/]: Fetching packet for removed entity ItemEntity['Air'/26517, l='ServerLevel[world]', x=332.49, y=89.46, z=-169.40, removed=DISCARDED]
[23Sep2024 00:40:16.590] [Server thread/WARN] [net.minecraft.server.level.ServerEntity/]: Fetching packet for removed entity ItemEntity['Air'/26521, l='ServerLevel[world]', x=331.62, y=89.45, z=-169.42, removed=DISCARDED]
[23Sep2024 00:40:16.590] [Server thread/WARN] [net.minecraft.server.level.ServerEntity/]: Fetching packet for removed entity ItemEntity['Air'/26519, l='ServerLevel[world]', x=331.57, y=89.55, z=-169.57, removed=DISCARDED]
[23Sep2024 00:40:16.591] [Server thread/WARN] [net.minecraft.server.level.ServerEntity/]: Fetching packet for removed entity ItemEntity['Air'/26513, l='ServerLevel[world]', x=330.45, y=89.56, z=-169.45, removed=DISCARDED]
[23Sep2024 00:40:16.591] [Server thread/WARN] [net.minecraft.server.level.ServerEntity/]: Fetching packet for removed entity ItemEntity['Air'/26511, l='ServerLevel[world]', x=331.48, y=89.50, z=-169.50, removed=DISCARDED]
[23Sep2024 00:40:16.591] [Server thread/WARN] [net.minecraft.server.level.ServerEntity/]: Fetching packet for removed entity ItemEntity['Air'/26523, l='ServerLevel[world]', x=330.51, y=89.47, z=-169.46, removed=DISCARDED]
[23Sep2024 00:40:16.591] [Server thread/WARN] [net.minecraft.server.level.ServerEntity/]: Fetching packet for removed entity ItemEntity['Air'/22352, l='ServerLevel[world]', x=331.56, y=89.49, z=-169.42, removed=DISCARDED]
[23Sep2024 00:40:16.591] [Server thread/WARN] [net.minecraft.server.level.ServerEntity/]: Fetching packet for removed entity ItemEntity['Air'/26509, l='ServerLevel[world]', x=331.55, y=89.48, z=-169.45, removed=DISCARDED]
[23Sep2024 00:40:16.591] [Server thread/WARN] [net.minecraft.server.level.ServerEntity/]: Fetching packet for removed entity ItemEntity['Air'/26506, l='ServerLevel[world]', x=331.41, y=89.52, z=-169.61, removed=DISCARDED]
[23Sep2024 00:40:16.591] [Server thread/WARN] [net.minecraft.server.level.ServerEntity/]: Fetching packet for removed entity ItemEntity['Air'/22348, l='ServerLevel[world]', x=330.41, y=89.44, z=-169.47, removed=DISCARDED]
[23Sep2024 00:40:16.591] [Server thread/WARN] [net.minecraft.server.level.ServerEntity/]: Fetching packet for removed entity ItemEntity['Air'/26510, l='ServerLevel[world]', x=330.59, y=89.61, z=-169.61, removed=DISCARDED]
[23Sep2024 00:40:16.591] [Server thread/WARN] [net.minecraft.server.level.ServerEntity/]: Fetching packet for removed entity ItemEntity['Air'/26514, l='ServerLevel[world]', x=331.53, y=89.42, z=-169.52, removed=DISCARDED]
[23Sep2024 00:40:16.592] [Server thread/WARN] [net.minecraft.server.level.ServerEntity/]: Fetching packet for removed entity ItemEntity['Air'/26518, l='ServerLevel[world]', x=330.41, y=89.59, z=-169.42, removed=DISCARDED]
[23Sep2024 00:40:16.592] [Server thread/WARN] [net.minecraft.server.level.ServerEntity/]: Fetching packet for removed entity ItemEntity['Air'/26526, l='ServerLevel[world]', x=331.41, y=89.38, z=-169.46, removed=DISCARDED]
[23Sep2024 00:40:16.592] [Server thread/WARN] [net.minecraft.server.level.ServerEntity/]: Fetching packet for removed entity ItemEntity['Air'/26461, l='ServerLevel[world]', x=331.41, y=89.40, z=-169.56, removed=DISCARDED]
[23Sep2024 00:40:16.592] [Server thread/WARN] [net.minecraft.server.level.ServerEntity/]: Fetching packet for removed entity ItemEntity['Air'/26522, l='ServerLevel[world]', x=332.54, y=89.45, z=-169.38, removed=DISCARDED]
[23Sep2024 00:40:16.592] [Server thread/WARN] [net.minecraft.server.level.ServerEntity/]: Fetching packet for removed entity ItemEntity['Air'/22344, l='ServerLevel[world]', x=331.41, y=89.55, z=-169.38, removed=DISCARDED]
[23Sep2024 00:40:16.592] [Server thread/WARN] [net.minecraft.server.level.ServerEntity/]: Fetching packet for removed entity ItemEntity['Air'/26465, l='ServerLevel[world]', x=330.59, y=89.59, z=-169.60, removed=DISCARDED]
[23Sep2024 00:40:16.592] [Server thread/WARN] [net.minecraft.server.level.ServerEntity/]: Fetching packet for removed entity ItemEntity['Air'/26502, l='ServerLevel[world]', x=332.52, y=89.49, z=-169.50, removed=DISCARDED]
[23Sep2024 00:40:16.592] [Server thread/WARN] [net.minecraft.server.level.ServerEntity/]: Fetching packet for removed entity ItemEntity['Air'/26497, l='ServerLevel[world]', x=332.51, y=89.44, z=-169.62, removed=DISCARDED]
[23Sep2024 00:40:16.593] [Server thread/WARN] [net.minecraft.server.level.ServerEntity/]: Fetching packet for removed entity ItemEntity['Air'/26537, l='ServerLevel[world]', x=332.48, y=89.47, z=-169.56, removed=DISCARDED]
[23Sep2024 00:40:16.593] [Server thread/WARN] [net.minecraft.server.level.ServerEntity/]: Fetching packet for removed entity ItemEntity['Air'/26495, l='ServerLevel[world]', x=330.38, y=89.39, z=-169.61, removed=DISCARDED]
[23Sep2024 00:40:16.593] [Server thread/WARN] [net.minecraft.server.level.ServerEntity/]: Fetching packet for removed entity ItemEntity['Air'/26462, l='ServerLevel[world]', x=332.56, y=89.46, z=-169.61, removed=DISCARDED]
[23Sep2024 00:40:16.593] [Server thread/WARN] [net.minecraft.server.level.ServerEntity/]: Fetching packet for removed entity ItemEntity['Air'/26503, l='ServerLevel[world]', x=330.46, y=89.48, z=-169.41, removed=DISCARDED]
[23Sep2024 00:40:16.593] [Server thread/WARN] [net.minecraft.server.level.ServerEntity/]: Fetching packet for removed entity ItemEntity['Air'/26464, l='ServerLevel[world]', x=331.62, y=89.62, z=-169.62, removed=DISCARDED]
[23Sep2024 00:40:16.593] [Server thread/WARN] [net.minecraft.server.level.ServerEntity/]: Fetching packet for removed entity ItemEntity['Air'/22349, l='ServerLevel[world]', x=331.62, y=89.60, z=-169.42, removed=DISCARDED]
[23Sep2024 00:40:16.593] [Server thread/WARN] [net.minecraft.server.level.ServerEntity/]: Fetching packet for removed entity ItemEntity['Air'/26472, l='ServerLevel[world]', x=332.40, y=89.49, z=-169.39, removed=DISCARDED]
[23Sep2024 00:40:16.593] [Server thread/WARN] [net.minecraft.server.level.ServerEntity/]: Fetching packet for removed entity ItemEntity['Air'/26505, l='ServerLevel[world]', x=330.53, y=89.51, z=-169.49, removed=DISCARDED]
[23Sep2024 00:40:16.593] [Server thread/WARN] [net.minecraft.server.level.ServerEntity/]: Fetching packet for removed entity ItemEntity['Air'/26470, l='ServerLevel[world]', x=330.57, y=89.52, z=-169.60, removed=DISCARDED]
[23Sep2024 00:40:16.594] [Server thread/WARN] [net.minecraft.server.level.ServerEntity/]: Fetching packet for removed entity ItemEntity['Air'/22343, l='ServerLevel[world]', x=330.48, y=89.52, z=-169.45, removed=DISCARDED]
[23Sep2024 00:40:16.594] [Server thread/WARN] [net.minecraft.server.level.ServerEntity/]: Fetching packet for removed entity ItemEntity['Air'/22341, l='ServerLevel[world]', x=330.57, y=89.62, z=-169.38, removed=DISCARDED]
[23Sep2024 00:40:16.594] [Server thread/WARN] [net.minecraft.server.level.ServerEntity/]: Fetching packet for removed entity ItemEntity['Air'/26527, l='ServerLevel[world]', x=332.43, y=89.39, z=-169.38, removed=DISCARDED]
[23Sep2024 00:40:16.594] [Server thread/WARN] [net.minecraft.server.level.ServerEntity/]: Fetching packet for removed entity ItemEntity['Air'/26535, l='ServerLevel[world]', x=330.56, y=89.43, z=-169.58, removed=DISCARDED]
[23Sep2024 00:40:16.594] [Server thread/WARN] [net.minecraft.server.level.ServerEntity/]: Fetching packet for removed entity ItemEntity['Air'/26529, l='ServerLevel[world]', x=331.51, y=89.59, z=-169.55, removed=DISCARDED]
[23Sep2024 00:40:16.594] [Server thread/WARN] [net.minecraft.server.level.ServerEntity/]: Fetching packet for removed entity ItemEntity['Air'/22351, l='ServerLevel[world]', x=330.62, y=89.62, z=-169.54, removed=DISCARDED]
[23Sep2024 00:40:16.594] [Server thread/WARN] [net.minecraft.server.level.ServerEntity/]: Fetching packet for removed entity ItemEntity['Air'/26488, l='ServerLevel[world]', x=330.57, y=89.38, z=-169.48, removed=DISCARDED]
[23Sep2024 00:40:16.594] [Server thread/WARN] [net.minecraft.server.level.ServerEntity/]: Fetching packet for removed entity ItemEntity['Air'/26512, l='ServerLevel[world]', x=332.53, y=89.56, z=-169.56, removed=DISCARDED]
[23Sep2024 00:40:16.594] [Server thread/WARN] [net.minecraft.server.level.ServerEntity/]: Fetching packet for removed entity ItemEntity['Air'/26487, l='ServerLevel[world]', x=332.43, y=89.54, z=-169.38, removed=DISCARDED]
[23Sep2024 00:40:16.595] [Server thread/WARN] [net.minecraft.server.level.ServerEntity/]: Fetching packet for removed entity ItemEntity['Air'/26504, l='ServerLevel[world]', x=331.48, y=89.56, z=-169.42, removed=DISCARDED]
[23Sep2024 00:40:16.595] [Server thread/WARN] [net.minecraft.server.level.ServerEntity/]: Fetching packet for removed entity ItemEntity['Air'/26496, l='ServerLevel[world]', x=331.42, y=89.56, z=-169.44, removed=DISCARDED]
[23Sep2024 00:40:16.595] [Server thread/WARN] [net.minecraft.server.level.ServerEntity/]: Fetching packet for removed entity ItemEntity['Air'/26520, l='ServerLevel[world]', x=330.39, y=89.41, z=-169.52, removed=DISCARDED]
[23Sep2024 00:40:16.595] [Server thread/WARN] [net.minecraft.server.level.ServerEntity/]: Fetching packet for removed entity ItemEntity['Air'/26479, l='ServerLevel[world]', x=331.60, y=89.55, z=-169.61, removed=DISCARDED]
[23Sep2024 00:40:16.595] [Server thread/WARN] [net.minecraft.server.level.ServerEntity/]: Fetching packet for removed entity ItemEntity['Air'/26463, l='ServerLevel[world]', x=330.62, y=89.59, z=-169.53, removed=DISCARDED]
[23Sep2024 00:40:16.595] [Server thread/WARN] [net.minecraft.server.level.ServerEntity/]: Fetching packet for removed entity ItemEntity['Air'/26471, l='ServerLevel[world]', x=331.42, y=89.61, z=-169.62, removed=DISCARDED]
[23Sep2024 00:40:16.595] [Server thread/WARN] [net.minecraft.server.level.ServerEntity/]: Fetching packet for removed entity ItemEntity['Air'/22342, l='ServerLevel[world]', x=331.40, y=89.42, z=-169.50, removed=DISCARDED]
[23Sep2024 00:40:16.595] [Server thread/WARN] [net.minecraft.server.level.ServerEntity/]: Fetching packet for removed entity ItemEntity['Air'/22350, l='ServerLevel[world]', x=332.40, y=89.56, z=-169.59, removed=DISCARDED]
[23Sep2024 00:40:16.595] [Server thread/WARN] [net.minecraft.server.level.ServerEntity/]: Fetching packet for removed entity ItemEntity['Air'/26536, l='ServerLevel[world]', x=331.45, y=89.61, z=-169.61, removed=DISCARDED]
[23Sep2024 00:40:16.596] [Server thread/WARN] [net.minecraft.server.level.ServerEntity/]: Fetching packet for removed entity ItemEntity['Air'/26528, l='ServerLevel[world]', x=330.52, y=89.49, z=-169.61, removed=DISCARDED]
[23Sep2024 00:40:16.596] [Server thread/WARN] [net.minecraft.server.level.ServerEntity/]: Fetching packet for removed entity ItemEntity['Air'/22334, l='ServerLevel[world]', x=331.39, y=89.50, z=-169.57, removed=DISCARDED]
[23Sep2024 00:40:16.596] [Server thread/WARN] [net.minecraft.server.level.ServerEntity/]: Fetching packet for removed entity ItemEntity['Air'/26483, l='ServerLevel[world]', x=330.46, y=89.62, z=-169.43, removed=DISCARDED]
[23Sep2024 00:40:16.596] [Server thread/WARN] [net.minecraft.server.level.ServerEntity/]: Fetching packet for removed entity ItemEntity['Air'/22328, l='ServerLevel[world]', x=330.46, y=89.43, z=-169.61, removed=DISCARDED]
[23Sep2024 00:40:16.596] [Server thread/WARN] [net.minecraft.server.level.ServerEntity/]: Fetching packet for removed entity ItemEntity['Air'/26481, l='ServerLevel[world]', x=331.56, y=89.61, z=-169.51, removed=DISCARDED]
[23Sep2024 00:40:16.596] [Server thread/WARN] [net.minecraft.server.level.ServerEntity/]: Fetching packet for removed entity ItemEntity['Air'/26485, l='ServerLevel[world]', x=330.39, y=89.48, z=-169.49, removed=DISCARDED]
[23Sep2024 00:40:16.596] [Server thread/WARN] [net.minecraft.server.level.ServerEntity/]: Fetching packet for removed entity ItemEntity['Air'/26482, l='ServerLevel[world]', x=332.46, y=89.53, z=-169.41, removed=DISCARDED]
[23Sep2024 00:40:16.605] [Server thread/WARN] [net.minecraft.server.level.ServerEntity/]: Fetching packet for removed entity ItemEntity['Air'/26480, l='ServerLevel[world]', x=330.48, y=89.39, z=-169.47, removed=DISCARDED]
[23Sep2024 00:40:16.605] [Server thread/WARN] [net.minecraft.server.level.ServerEntity/]: Fetching packet for removed entity ItemEntity['Air'/26486, l='ServerLevel[world]', x=331.48, y=89.52, z=-169.49, removed=DISCARDED]
[23Sep2024 00:40:16.605] [Server thread/WARN] [net.minecraft.server.level.ServerEntity/]: Fetching packet for removed entity ItemEntity['Air'/26484, l='ServerLevel[world]', x=331.42, y=89.51, z=-169.53, removed=DISCARDED]
[23Sep2024 00:40:16.605] [Server thread/WARN] [net.minecraft.server.level.ServerEntity/]: Fetching packet for removed entity ItemEntity['Air'/26478, l='ServerLevel[world]', x=330.39, y=89.59, z=-169.38, removed=DISCARDED]
[23Sep2024 00:40:16.605] [Server thread/WARN] [net.minecraft.server.level.ServerEntity/]: Fetching packet for removed entity ItemEntity['Air'/22329, l='ServerLevel[world]', x=331.38, y=89.44, z=-169.46, removed=DISCARDED]
[23Sep2024 00:40:16.605] [Server thread/WARN] [net.minecraft.server.level.ServerEntity/]: Fetching packet for removed entity ItemEntity['Air'/22331, l='ServerLevel[world]', x=330.62, y=89.62, z=-169.41, removed=DISCARDED]
[23Sep2024 00:40:16.606] [Server thread/WARN] [net.minecraft.server.level.ServerEntity/]: Fetching packet for removed entity ItemEntity['Air'/22333, l='ServerLevel[world]', x=330.42, y=89.42, z=-169.48, removed=DISCARDED]
[23Sep2024 00:40:16.606] [Server thread/WARN] [net.minecraft.server.level.ServerEntity/]: Fetching packet for removed entity ItemEntity['Air'/22336, l='ServerLevel[world]', x=330.42, y=89.57, z=-169.50, removed=DISCARDED]
[23Sep2024 00:40:16.606] [Server thread/WARN] [net.minecraft.server.level.ServerEntity/]: Fetching packet for removed entity ItemEntity['Air'/26474, l='ServerLevel[world]', x=331.46, y=89.52, z=-169.47, removed=DISCARDED]
[23Sep2024 00:40:16.606] [Server thread/WARN] [net.minecraft.server.level.ServerEntity/]: Fetching packet for removed entity ItemEntity['Air'/26477, l='ServerLevel[world]', x=332.40, y=89.52, z=-169.46, removed=DISCARDED]
[23Sep2024 00:40:16.606] [Server thread/WARN] [net.minecraft.server.level.ServerEntity/]: Fetching packet for removed entity ItemEntity['Air'/26473, l='ServerLevel[world]', x=330.41, y=89.46, z=-169.56, removed=DISCARDED]
[23Sep2024 00:40:16.606] [Server thread/WARN] [net.minecraft.server.level.ServerEntity/]: Fetching packet for removed entity ItemEntity['Air'/26493, l='ServerLevel[world]', x=330.59, y=89.39, z=-169.57, removed=DISCARDED]
[23Sep2024 00:40:16.606] [Server thread/WARN] [net.minecraft.server.level.ServerEntity/]: Fetching packet for removed entity ItemEntity['Air'/26494, l='ServerLevel[world]', x=331.58, y=89.56, z=-169.38, removed=DISCARDED]
[23Sep2024 00:40:16.606] [Server thread/WARN] [net.minecraft.server.level.ServerEntity/]: Fetching packet for removed entity ItemEntity['Air'/26490, l='ServerLevel[world]', x=330.47, y=89.43, z=-169.42, removed=DISCARDED]
[23Sep2024 00:40:16.607] [Server thread/WARN] [net.minecraft.server.level.ServerEntity/]: Fetching packet for removed entity ItemEntity['Air'/26489, l='ServerLevel[world]', x=331.46, y=89.40, z=-169.40, removed=DISCARDED]
[23Sep2024 00:40:16.607] [Server thread/WARN] [net.minecraft.server.level.ServerEntity/]: Fetching packet for removed entity ItemEntity['Air'/22340, l='ServerLevel[world]', x=332.44, y=89.60, z=-169.56, removed=DISCARDED]
[23Sep2024 00:40:16.607] [Server thread/WARN] [net.minecraft.server.level.ServerEntity/]: Fetching packet for removed entity ItemEntity['Air'/26469, l='ServerLevel[world]', x=331.44, y=89.46, z=-169.46, removed=DISCARDED]
[23Sep2024 00:40:16.609] [Server thread/WARN] [net.minecraft.server.level.ServerEntity/]: Fetching packet for removed entity ItemEntity['Air'/26538, l='ServerLevel[world]', x=330.56, y=89.61, z=-169.52, removed=DISCARDED]
[23Sep2024 00:40:16.609] [Server thread/WARN] [net.minecraft.server.level.ServerEntity/]: Fetching packet for removed entity ItemEntity['Air'/26534, l='ServerLevel[world]', x=331.58, y=89.56, z=-169.52, removed=DISCARDED]
[23Sep2024 00:40:16.609] [Server thread/WARN] [net.minecraft.server.level.ServerEntity/]: Fetching packet for removed entity ItemEntity['Air'/22332, l='ServerLevel[world]', x=331.47, y=89.61, z=-169.52, removed=DISCARDED]
[23Sep2024 00:40:16.610] [Server thread/WARN] [net.minecraft.server.level.ServerEntity/]: Fetching packet for removed entity ItemEntity['Air'/26499, l='ServerLevel[world]', x=331.44, y=89.49, z=-169.44, removed=DISCARDED]
[23Sep2024 00:40:16.610] [Server thread/WARN] [net.minecraft.server.level.ServerEntity/]: Fetching packet for removed entity ItemEntity['Air'/26500, l='ServerLevel[world]', x=330.38, y=89.44, z=-169.48, removed=DISCARDED]
[23Sep2024 00:40:16.610] [Server thread/WARN] [net.minecraft.server.level.ServerEntity/]: Fetching packet for removed entity ItemEntity['Air'/22345, l='ServerLevel[world]', x=332.42, y=89.45, z=-169.57, removed=DISCARDED]
[23Sep2024 00:40:16.611] [Server thread/WARN] [net.minecraft.server.level.ServerEntity/]: Fetching packet for removed entity ItemEntity['Air'/26467, l='ServerLevel[world]', x=332.51, y=89.55, z=-169.51, removed=DISCARDED]
[23Sep2024 00:40:16.611] [Server thread/WARN] [net.minecraft.server.level.ServerEntity/]: Fetching packet for removed entity ItemEntity['Air'/26468, l='ServerLevel[world]', x=330.50, y=89.40, z=-169.52, removed=DISCARDED]
[23Sep2024 00:40:16.611] [Server thread/WARN] [net.minecraft.server.level.ServerEntity/]: Fetching packet for removed entity ItemEntity['Air'/26501, l='ServerLevel[world]', x=331.38, y=89.61, z=-169.38, removed=DISCARDED]
[23Sep2024 00:40:16.612] [Server thread/WARN] [net.minecraft.server.level.ServerEntity/]: Fetching packet for removed entity ItemEntity['Air'/26498, l='ServerLevel[world]', x=330.39, y=89.53, z=-169.48, removed=DISCARDED]
[23Sep2024 00:40:16.612] [Server thread/WARN] [net.minecraft.server.level.ServerEntity/]: Fetching packet for removed entity ItemEntity['Air'/22347, l='ServerLevel[world]', x=331.39, y=89.40, z=-169.52, removed=DISCARDED]
[23Sep2024 00:40:16.612] [Server thread/WARN] [net.minecraft.server.level.ServerEntity/]: Fetching packet for removed entity ItemEntity['Air'/26539, l='ServerLevel[world]', x=331.46, y=89.47, z=-169.39, removed=DISCARDED]
[23Sep2024 00:40:16.613] [Server thread/WARN] [net.minecraft.server.level.ServerEntity/]: Fetching packet for removed entity ItemEntity['Air'/22339, l='ServerLevel[world]', x=331.51, y=89.61, z=-169.44, removed=DISCARDED]
[23Sep2024 00:40:16.613] [Server thread/WARN] [net.minecraft.server.level.ServerEntity/]: Fetching packet for removed entity ItemEntity['Air'/22337, l='ServerLevel[world]', x=331.46, y=89.53, z=-169.54, removed=DISCARDED]
[23Sep2024 00:40:16.613] [Server thread/WARN] [net.minecraft.server.level.ServerEntity/]: Fetching packet for removed entity ItemEntity['Air'/26525, l='ServerLevel[world]', x=330.60, y=89.53, z=-169.60, removed=DISCARDED]
[23Sep2024 00:40:16.614] [Server thread/WARN] [net.minecraft.server.level.ServerEntity/]: Fetching packet for removed entity ItemEntity['Air'/26533, l='ServerLevel[world]', x=330.47, y=89.42, z=-169.49, removed=DISCARDED]
[23Sep2024 00:40:16.614] [Server thread/WARN] [net.minecraft.server.level.ServerEntity/]: Fetching packet for removed entity ItemEntity['Air'/26531, l='ServerLevel[world]', x=331.61, y=89.49, z=-169.55, removed=DISCARDED]
[23Sep2024 00:40:16.614] [Server thread/WARN] [net.minecraft.server.level.ServerEntity/]: Fetching packet for removed entity ItemEntity['Air'/26524, l='ServerLevel[world]', x=331.57, y=89.58, z=-169.55, removed=DISCARDED]
[23Sep2024 00:40:16.615] [Server thread/WARN] [net.minecraft.server.level.ServerEntity/]: Fetching packet for removed entity ItemEntity['Air'/26508, l='ServerLevel[world]', x=330.39, y=89.46, z=-169.48, removed=DISCARDED]
[23Sep2024 00:40:16.615] [Server thread/WARN] [net.minecraft.server.level.ServerEntity/]: Fetching packet for removed entity ItemEntity['Air'/26475, l='ServerLevel[world]', x=330.50, y=89.45, z=-169.54, removed=DISCARDED]
[23Sep2024 00:40:16.615] [Server thread/WARN] [net.minecraft.server.level.ServerEntity/]: Fetching packet for removed entity ItemEntity['Air'/26540, l='ServerLevel[world]', x=330.40, y=89.57, z=-169.50, removed=DISCARDED]
[23Sep2024 00:40:16.616] [Server thread/WARN] [net.minecraft.server.level.ServerEntity/]: Fetching packet for removed entity ItemEntity['Air'/26541, l='ServerLevel[world]', x=331.47, y=89.38, z=-169.60, removed=DISCARDED]
[23Sep2024 00:40:16.616] [Server thread/WARN] [net.minecraft.server.level.ServerEntity/]: Fetching packet for removed entity ItemEntity['Air'/26476, l='ServerLevel[world]', x=331.42, y=89.39, z=-169.40, removed=DISCARDED]
[23Sep2024 00:40:16.616] [Server thread/WARN] [net.minecraft.server.level.ServerEntity/]: Fetching packet for removed entity ItemEntity['Air'/26507, l='ServerLevel[world]', x=332.41, y=89.41, z=-169.49, removed=DISCARDED]
[23Sep2024 00:40:16.617] [Server thread/WARN] [net.minecraft.server.level.ServerEntity/]: Fetching packet for removed entity ItemEntity['Air'/26492, l='ServerLevel[world]', x=332.49, y=89.39, z=-169.38, removed=DISCARDED]
[23Sep2024 00:40:16.617] [Server thread/WARN] [net.minecraft.server.level.ServerEntity/]: Fetching packet for removed entity ItemEntity['Air'/26491, l='ServerLevel[world]', x=331.41, y=89.46, z=-169.59, removed=DISCARDED]
[23Sep2024 00:40:16.617] [Server thread/WARN] [net.minecraft.server.level.ServerEntity/]: Fetching packet for removed entity ItemEntity['Air'/22346, l='ServerLevel[world]', x=330.51, y=89.46, z=-169.47, removed=DISCARDED]
[23Sep2024 00:40:16.618] [Server thread/WARN] [net.minecraft.server.level.ServerEntity/]: Fetching packet for removed entity ItemEntity['Air'/22338, l='ServerLevel[world]', x=330.57, y=89.40, z=-169.49, removed=DISCARDED]
[23Sep2024 00:40:16.618] [Server thread/WARN] [net.minecraft.server.level.ServerEntity/]: Fetching packet for removed entity ItemEntity['Air'/26532, l='ServerLevel[world]', x=332.55, y=89.54, z=-169.38, removed=DISCARDED]
[23Sep2024 00:40:16.618] [Server thread/WARN] [net.minecraft.server.level.ServerEntity/]: Fetching packet for removed entity ItemEntity['Air'/22330, l='ServerLevel[world]', x=332.44, y=89.42, z=-169.52, removed=DISCARDED]
[23Sep2024 00:40:16.651] [Server thread/INFO] [dcclasses/]: Applying dawncraft:astrologer modififers to player Reaccon453
[23Sep2024 00:40:16.652] [Server thread/INFO] [dcclasses/]: Applying attribute minecraft:generic.max_health with value 16.0 to player Reaccon453
[23Sep2024 00:40:16.652] [Server thread/INFO] [dcclasses/]: Applying attribute paraglider:max_stamina with value 20.0 to player Reaccon453
[23Sep2024 00:40:16.653] [Server thread/INFO] [dcclasses/]: Attribute is paraglider:max_stamina, removing 28.0 points as default.
[23Sep2024 00:40:22.326] [Server thread/INFO] [sereneseasons/]: Season time skipped by 7761 in simple_mobs:distant_land
[23Sep2024 00:40:22.326] [Server thread/INFO] [sereneseasons/]: Season time skipped by 7761 in blue_skies:everdawn
[23Sep2024 00:40:22.326] [Server thread/INFO] [sereneseasons/]: Season time skipped by 7761 in simple_mobs:fervent_dream
[23Sep2024 00:40:22.326] [Server thread/INFO] [sereneseasons/]: Season time skipped by 7761 in minecraft:the_end
[23Sep2024 00:40:22.327] [Server thread/INFO] [sereneseasons/]: Season time skipped by 7761 in blue_skies:everbright
[23Sep2024 00:40:22.327] [Server thread/INFO] [sereneseasons/]: Season time skipped by 7761 in minecraft:the_nether
[23Sep2024 00:40:22.368] [Server thread/INFO] [sereneseasons/]: Season time skipped by 7761 in minecraft:overworld
[23Sep2024 00:45:09.419] [Server thread/INFO] [net.minecraft.server.dedicated.DedicatedServer/]: Reaccon453 has made the advancement [The Purity of the Seas]
[23Sep2024 00:48:49.487] [Server thread/INFO] [com.BrassAmber.ba_bt.BrassAmberBattleTowers/]: Ocean Carved in read data true
[23Sep2024 00:48:49.488] [Server thread/INFO] [com.BrassAmber.ba_bt.BrassAmberBattleTowers/]: Ocean Carved in read data true
[23Sep2024 00:48:49.524] [Server thread/INFO] [com.BrassAmber.ba_bt.BrassAmberBattleTowers/]: Setting obelisk data
[23Sep2024 00:48:49.524] [Server thread/INFO] [com.BrassAmber.ba_bt.BrassAmberBattleTowers/]: Setting obelisk data
[23Sep2024 00:48:49.707] [Server thread/INFO] [com.BrassAmber.ba_bt.BrassAmberBattleTowers/]: Ocean Carved in read data true
[23Sep2024 00:48:49.707] [Server thread/INFO] [com.BrassAmber.ba_bt.BrassAmberBattleTowers/]: Ocean Carved in read data true
[23Sep2024 00:49:41.721] [Server thread/INFO] [com.BrassAmber.ba_bt.BrassAmberBattleTowers/]: Setting obelisk data
[23Sep2024 00:49:41.721] [Server thread/INFO] [com.BrassAmber.ba_bt.BrassAmberBattleTowers/]: Setting obelisk data
[23Sep2024 00:49:48.114] [Server thread/WARN] [net.minecraft.server.level.ServerEntity/]: Fetching packet for removed entity ItemEntity['Air'/22328, l='ServerLevel[world]', x=330.46, y=89.43, z=-169.61, removed=DISCARDED]
[23Sep2024 00:49:48.114] [Server thread/WARN] [net.minecraft.server.level.ServerEntity/]: Fetching packet for removed entity ItemEntity['Air'/22329, l='ServerLevel[world]', x=331.38, y=89.44, z=-169.46, removed=DISCARDED]
[23Sep2024 00:49:48.115] [Server thread/WARN] [net.minecraft.server.level.ServerEntity/]: Fetching packet for removed entity ItemEntity['Air'/22330, l='ServerLevel[world]', x=332.44, y=89.42, z=-169.52, removed=DISCARDED]
[23Sep2024 00:49:48.115] [Server thread/WARN] [net.minecraft.server.level.ServerEntity/]: Fetching packet for removed entity ItemEntity['Air'/22331, l='ServerLevel[world]', x=330.62, y=89.62, z=-169.41, removed=DISCARDED]
[23Sep2024 00:49:48.115] [Server thread/WARN] [net.minecraft.server.level.ServerEntity/]: Fetching packet for removed entity ItemEntity['Air'/22332, l='ServerLevel[world]', x=331.47, y=89.61, z=-169.52, removed=DISCARDED]
[23Sep2024 00:49:48.115] [Server thread/WARN] [net.minecraft.server.level.ServerEntity/]: Fetching packet for removed entity ItemEntity['Air'/22333, l='ServerLevel[world]', x=330.42, y=89.42, z=-169.48, removed=DISCARDED]
[23Sep2024 00:49:48.115] [Server thread/WARN] [net.minecraft.server.level.ServerEntity/]: Fetching packet for removed entity ItemEntity['Air'/22334, l='ServerLevel[world]', x=331.39, y=89.50, z=-169.57, removed=DISCARDED]
[23Sep2024 00:49:48.115] [Server thread/WARN] [net.minecraft.server.level.ServerEntity/]: Fetching packet for removed entity ItemEntity['Air'/22336, l='ServerLevel[world]', x=330.42, y=89.57, z=-169.50, removed=DISCARDED]
[23Sep2024 00:49:48.115] [Server thread/WARN] [net.minecraft.server.level.ServerEntity/]: Fetching packet for removed entity ItemEntity['Air'/22337, l='ServerLevel[world]', x=331.46, y=89.53, z=-169.54, removed=DISCARDED]
[23Sep2024 00:49:48.115] [Server thread/WARN] [net.minecraft.server.level.ServerEntity/]: Fetching packet for removed entity ItemEntity['Air'/22338, l='ServerLevel[world]', x=330.57, y=89.40, z=-169.49, removed=DISCARDED]
[23Sep2024 00:49:48.115] [Server thread/WARN] [net.minecraft.server.level.ServerEntity/]: Fetching packet for removed entity ItemEntity['Air'/22339, l='ServerLevel[world]', x=331.51, y=89.61, z=-169.44, removed=DISCARDED]
[23Sep2024 00:49:48.116] [Server thread/WARN] [net.minecraft.server.level.ServerEntity/]: Fetching packet for removed entity ItemEntity['Air'/22340, l='ServerLevel[world]', x=332.44, y=89.60, z=-169.56, removed=DISCARDED]
[23Sep2024 00:49:48.116] [Server thread/WARN] [net.minecraft.server.level.ServerEntity/]: Fetching packet for removed entity ItemEntity['Air'/22341, l='ServerLevel[world]', x=330.57, y=89.62, z=-169.38, removed=DISCARDED]
[23Sep2024 00:49:48.116] [Server thread/WARN] [net.minecraft.server.level.ServerEntity/]: Fetching packet for removed entity ItemEntity['Air'/22342, l='ServerLevel[world]', x=331.40, y=89.42, z=-169.50, removed=DISCARDED]
[23Sep2024 00:49:48.116] [Server thread/WARN] [net.minecraft.server.level.ServerEntity/]: Fetching packet for removed entity ItemEntity['Air'/22343, l='ServerLevel[world]', x=330.48, y=89.52, z=-169.45, removed=DISCARDED]
[23Sep2024 00:49:48.116] [Server thread/WARN] [net.minecraft.server.level.ServerEntity/]: Fetching packet for removed entity ItemEntity['Air'/22344, l='ServerLevel[world]', x=331.41, y=89.55, z=-169.38, removed=DISCARDED]
[23Sep2024 00:49:48.116] [Server thread/WARN] [net.minecraft.server.level.ServerEntity/]: Fetching packet for removed entity ItemEntity['Air'/22345, l='ServerLevel[world]', x=332.42, y=89.45, z=-169.57, removed=DISCARDED]
[23Sep2024 00:49:48.116] [Server thread/WARN] [net.minecraft.server.level.ServerEntity/]: Fetching packet for removed entity ItemEntity['Air'/22346, l='ServerLevel[world]', x=330.51, y=89.46, z=-169.47, removed=DISCARDED]
[23Sep2024 00:49:48.116] [Server thread/WARN] [net.minecraft.server.level.ServerEntity/]: Fetching packet for removed entity ItemEntity['Air'/22347, l='ServerLevel[world]', x=331.39, y=89.40, z=-169.52, removed=DISCARDED]
[23Sep2024 00:49:48.116] [Server thread/WARN] [net.minecraft.server.level.ServerEntity/]: Fetching packet for removed entity ItemEntity['Air'/22348, l='ServerLevel[world]', x=330.41, y=89.44, z=-169.47, removed=DISCARDED]
[23Sep2024 00:49:48.117] [Server thread/WARN] [net.minecraft.server.level.ServerEntity/]: Fetching packet for removed entity ItemEntity['Air'/22349, l='ServerLevel[world]', x=331.62, y=89.60, z=-169.42, removed=DISCARDED]
[23Sep2024 00:49:48.117] [Server thread/WARN] [net.minecraft.server.level.ServerEntity/]: Fetching packet for removed entity ItemEntity['Air'/22350, l='ServerLevel[world]', x=332.40, y=89.56, z=-169.59, removed=DISCARDED]
[23Sep2024 00:49:48.117] [Server thread/WARN] [net.minecraft.server.level.ServerEntity/]: Fetching packet for removed entity ItemEntity['Air'/22351, l='ServerLevel[world]', x=330.62, y=89.62, z=-169.54, removed=DISCARDED]
[23Sep2024 00:49:48.117] [Server thread/WARN] [net.minecraft.server.level.ServerEntity/]: Fetching packet for removed entity ItemEntity['Air'/22352, l='ServerLevel[world]', x=331.56, y=89.49, z=-169.42, removed=DISCARDED]
[23Sep2024 00:49:48.117] [Server thread/WARN] [net.minecraft.server.level.ServerEntity/]: Fetching packet for removed entity ItemEntity['Air'/26461, l='ServerLevel[world]', x=331.41, y=89.40, z=-169.56, removed=DISCARDED]
[23Sep2024 00:49:48.117] [Server thread/WARN] [net.minecraft.server.level.ServerEntity/]: Fetching packet for removed entity ItemEntity['Air'/26462, l='ServerLevel[world]', x=332.56, y=89.46, z=-169.61, removed=DISCARDED]
[23Sep2024 00:49:48.117] [Server thread/WARN] [net.minecraft.server.level.ServerEntity/]: Fetching packet for removed entity ItemEntity['Air'/26463, l='ServerLevel[world]', x=330.62, y=89.59, z=-169.53, removed=DISCARDED]
[23Sep2024 00:49:48.117] [Server thread/WARN] [net.minecraft.server.level.ServerEntity/]: Fetching packet for removed entity ItemEntity['Air'/26464, l='ServerLevel[world]', x=331.62, y=89.62, z=-169.62, removed=DISCARDED]
[23Sep2024 00:49:48.118] [Server thread/WARN] [net.minecraft.server.level.ServerEntity/]: Fetching packet for removed entity ItemEntity['Air'/26465, l='ServerLevel[world]', x=330.59, y=89.59, z=-169.60, removed=DISCARDED]
[23Sep2024 00:49:48.118] [Server thread/WARN] [net.minecraft.server.level.ServerEntity/]: Fetching packet for removed entity ItemEntity['Air'/26467, l='ServerLevel[world]', x=332.51, y=89.55, z=-169.51, removed=DISCARDED]
[23Sep2024 00:49:48.118] [Server thread/WARN] [net.minecraft.server.level.ServerEntity/]: Fetching packet for removed entity ItemEntity['Air'/26468, l='ServerLevel[world]', x=330.50, y=89.40, z=-169.52, removed=DISCARDED]
[23Sep2024 00:49:48.118] [Server thread/WARN] [net.minecraft.server.level.ServerEntity/]: Fetching packet for removed entity ItemEntity['Air'/26469, l='ServerLevel[world]', x=331.44, y=89.46, z=-169.46, removed=DISCARDED]
[23Sep2024 00:49:48.118] [Server thread/WARN] [net.minecraft.server.level.ServerEntity/]: Fetching packet for removed entity ItemEntity['Air'/26470, l='ServerLevel[world]', x=330.57, y=89.52, z=-169.60, removed=DISCARDED]
[23Sep2024 00:49:48.118] [Server thread/WARN] [net.minecraft.server.level.ServerEntity/]: Fetching packet for removed entity ItemEntity['Air'/26471, l='ServerLevel[world]', x=331.42, y=89.61, z=-169.62, removed=DISCARDED]
[23Sep2024 00:49:48.118] [Server thread/WARN] [net.minecraft.server.level.ServerEntity/]: Fetching packet for removed entity ItemEntity['Air'/26472, l='ServerLevel[world]', x=332.40, y=89.49, z=-169.39, removed=DISCARDED]
[23Sep2024 00:49:48.118] [Server thread/WARN] [net.minecraft.server.level.ServerEntity/]: Fetching packet for removed entity ItemEntity['Air'/26473, l='ServerLevel[world]', x=330.41, y=89.46, z=-169.56, removed=DISCARDED]
[23Sep2024 00:49:48.118] [Server thread/WARN] [net.minecraft.server.level.ServerEntity/]: Fetching packet for removed entity ItemEntity['Air'/26474, l='ServerLevel[world]', x=331.46, y=89.52, z=-169.47, removed=DISCARDED]
[23Sep2024 00:49:48.119] [Server thread/WARN] [net.minecraft.server.level.ServerEntity/]: Fetching packet for removed entity ItemEntity['Air'/26475, l='ServerLevel[world]', x=330.50, y=89.45, z=-169.54, removed=DISCARDED]
[23Sep2024 00:49:48.119] [Server thread/WARN] [net.minecraft.server.level.ServerEntity/]: Fetching packet for removed entity ItemEntity['Air'/26476, l='ServerLevel[world]', x=331.42, y=89.39, z=-169.40, removed=DISCARDED]
[23Sep2024 00:49:48.119] [Server thread/WARN] [net.minecraft.server.level.ServerEntity/]: Fetching packet for removed entity ItemEntity['Air'/26477, l='ServerLevel[world]', x=332.40, y=89.52, z=-169.46, removed=DISCARDED]
[23Sep2024 00:49:48.119] [Server thread/WARN] [net.minecraft.server.level.ServerEntity/]: Fetching packet for removed entity ItemEntity['Air'/26478, l='ServerLevel[world]', x=330.39, y=89.59, z=-169.38, removed=DISCARDED]
[23Sep2024 00:49:48.119] [Server thread/WARN] [net.minecraft.server.level.ServerEntity/]: Fetching packet for removed entity ItemEntity['Air'/26479, l='ServerLevel[world]', x=331.60, y=89.55, z=-169.61, removed=DISCARDED]
[23Sep2024 00:49:48.119] [Server thread/WARN] [net.minecraft.server.level.ServerEntity/]: Fetching packet for removed entity ItemEntity['Air'/26480, l='ServerLevel[world]', x=330.48, y=89.39, z=-169.47, removed=DISCARDED]
[23Sep2024 00:49:48.119] [Server thread/WARN] [net.minecraft.server.level.ServerEntity/]: Fetching packet for removed entity ItemEntity['Air'/26481, l='ServerLevel[world]', x=331.56, y=89.61, z=-169.51, removed=DISCARDED]
[23Sep2024 00:49:48.119] [Server thread/WARN] [net.minecraft.server.level.ServerEntity/]: Fetching packet for removed entity ItemEntity['Air'/26482, l='ServerLevel[world]', x=332.46, y=89.53, z=-169.41, removed=DISCARDED]
[23Sep2024 00:49:48.120] [Server thread/WARN] [net.minecraft.server.level.ServerEntity/]: Fetching packet for removed entity ItemEntity['Air'/26483, l='ServerLevel[world]', x=330.46, y=89.62, z=-169.43, removed=DISCARDED]
[23Sep2024 00:49:48.120] [Server thread/WARN] [net.minecraft.server.level.ServerEntity/]: Fetching packet for removed entity ItemEntity['Air'/26484, l='ServerLevel[world]', x=331.42, y=89.51, z=-169.53, removed=DISCARDED]
[23Sep2024 00:49:48.120] [Server thread/WARN] [net.minecraft.server.level.ServerEntity/]: Fetching packet for removed entity ItemEntity['Air'/26485, l='ServerLevel[world]', x=330.39, y=89.48, z=-169.49, removed=DISCARDED]
[23Sep2024 00:49:48.120] [Server thread/WARN] [net.minecraft.server.level.ServerEntity/]: Fetching packet for removed entity ItemEntity['Air'/26486, l='ServerLevel[world]', x=331.48, y=89.52, z=-169.49, removed=DISCARDED]
[23Sep2024 00:49:48.120] [Server thread/WARN] [net.minecraft.server.level.ServerEntity/]: Fetching packet for removed entity ItemEntity['Air'/26487, l='ServerLevel[world]', x=332.43, y=89.54, z=-169.38, removed=DISCARDED]
[23Sep2024 00:49:48.120] [Server thread/WARN] [net.minecraft.server.level.ServerEntity/]: Fetching packet for removed entity ItemEntity['Air'/26488, l='ServerLevel[world]', x=330.57, y=89.38, z=-169.48, removed=DISCARDED]
[23Sep2024 00:49:48.120] [Server thread/WARN] [net.minecraft.server.level.ServerEntity/]: Fetching packet for removed entity ItemEntity['Air'/26489, l='ServerLevel[world]', x=331.46, y=89.40, z=-169.40, removed=DISCARDED]
[23Sep2024 00:49:48.120] [Server thread/WARN] [net.minecraft.server.level.ServerEntity/]: Fetching packet for removed entity ItemEntity['Air'/26490, l='ServerLevel[world]', x=330.47, y=89.43, z=-169.42, removed=DISCARDED]
[23Sep2024 00:49:48.120] [Server thread/WARN] [net.minecraft.server.level.ServerEntity/]: Fetching packet for removed entity ItemEntity['Air'/26491, l='ServerLevel[world]', x=331.41, y=89.46, z=-169.59, removed=DISCARDED]
[23Sep2024 00:49:48.120] [Server thread/WARN] [net.minecraft.server.level.ServerEntity/]: Fetching packet for removed entity ItemEntity['Air'/26492, l='ServerLevel[world]', x=332.49, y=89.39, z=-169.38, removed=DISCARDED]
[23Sep2024 00:49:48.121] [Server thread/WARN] [net.minecraft.server.level.ServerEntity/]: Fetching packet for removed entity ItemEntity['Air'/26493, l='ServerLevel[world]', x=330.59, y=89.39, z=-169.57, removed=DISCARDED]
[23Sep2024 00:49:48.121] [Server thread/WARN] [net.minecraft.server.level.ServerEntity/]: Fetching packet for removed entity ItemEntity['Air'/26494, l='ServerLevel[world]', x=331.58, y=89.56, z=-169.38, removed=DISCARDED]
[23Sep2024 00:49:48.121] [Server thread/WARN] [net.minecraft.server.level.ServerEntity/]: Fetching packet for removed entity ItemEntity['Air'/26495, l='ServerLevel[world]', x=330.38, y=89.39, z=-169.61, removed=DISCARDED]
[23Sep2024 00:49:48.121] [Server thread/WARN] [net.minecraft.server.level.ServerEntity/]: Fetching packet for removed entity ItemEntity['Air'/26496, l='ServerLevel[world]', x=331.42, y=89.56, z=-169.44, removed=DISCARDED]
[23Sep2024 00:49:48.121] [Server thread/WARN] [net.minecraft.server.level.ServerEntity/]: Fetching packet for removed entity ItemEntity['Air'/26497, l='ServerLevel[world]', x=332.51, y=89.44, z=-169.62, removed=DISCARDED]
[23Sep2024 00:49:48.121] [Server thread/WARN] [net.minecraft.server.level.ServerEntity/]: Fetching packet for removed entity ItemEntity['Air'/26498, l='ServerLevel[world]', x=330.39, y=89.53, z=-169.48, removed=DISCARDED]
[23Sep2024 00:49:48.121] [Server thread/WARN] [net.minecraft.server.level.ServerEntity/]: Fetching packet for removed entity ItemEntity['Air'/26499, l='ServerLevel[world]', x=331.44, y=89.49, z=-169.44, removed=DISCARDED]
[23Sep2024 00:49:48.121] [Server thread/WARN] [net.minecraft.server.level.ServerEntity/]: Fetching packet for removed entity ItemEntity['Air'/26500, l='ServerLevel[world]', x=330.38, y=89.44, z=-169.48, removed=DISCARDED]
[23Sep2024 00:49:48.122] [Server thread/WARN] [net.minecraft.server.level.ServerEntity/]: Fetching packet for removed entity ItemEntity['Air'/26501, l='ServerLevel[world]', x=331.38, y=89.61, z=-169.38, removed=DISCARDED]
[23Sep2024 00:49:48.122] [Server thread/WARN] [net.minecraft.server.level.ServerEntity/]: Fetching packet for removed entity ItemEntity['Air'/26502, l='ServerLevel[world]', x=332.52, y=89.49, z=-169.50, removed=DISCARDED]
[23Sep2024 00:49:48.122] [Server thread/WARN] [net.minecraft.server.level.ServerEntity/]: Fetching packet for removed entity ItemEntity['Air'/26503, l='ServerLevel[world]', x=330.46, y=89.48, z=-169.41, removed=DISCARDED]
[23Sep2024 00:49:48.122] [Server thread/WARN] [net.minecraft.server.level.ServerEntity/]: Fetching packet for removed entity ItemEntity['Air'/26504, l='ServerLevel[world]', x=331.48, y=89.56, z=-169.42, removed=DISCARDED]
[23Sep2024 00:49:48.122] [Server thread/WARN] [net.minecraft.server.level.ServerEntity/]: Fetching packet for removed entity ItemEntity['Air'/26505, l='ServerLevel[world]', x=330.53, y=89.51, z=-169.49, removed=DISCARDED]
[23Sep2024 00:49:48.122] [Server thread/WARN] [net.minecraft.server.level.ServerEntity/]: Fetching packet for removed entity ItemEntity['Air'/26506, l='ServerLevel[world]', x=331.41, y=89.52, z=-169.61, removed=DISCARDED]
[23Sep2024 00:49:48.122] [Server thread/WARN] [net.minecraft.server.level.ServerEntity/]: Fetching packet for removed entity ItemEntity['Air'/26507, l='ServerLevel[world]', x=332.41, y=89.41, z=-169.49, removed=DISCARDED]
[23Sep2024 00:49:48.122] [Server thread/WARN] [net.minecraft.server.level.ServerEntity/]: Fetching packet for removed entity ItemEntity['Air'/26508, l='ServerLevel[world]', x=330.39, y=89.46, z=-169.48, removed=DISCARDED]
[23Sep2024 00:49:48.122] [Server thread/WARN] [net.minecraft.server.level.ServerEntity/]: Fetching packet for removed entity ItemEntity['Air'/26509, l='ServerLevel[world]', x=331.55, y=89.48, z=-169.45, removed=DISCARDED]
[23Sep2024 00:49:48.123] [Server thread/WARN] [net.minecraft.server.level.ServerEntity/]: Fetching packet for removed entity ItemEntity['Air'/26510, l='ServerLevel[world]', x=330.59, y=89.61, z=-169.61, removed=DISCARDED]
[23Sep2024 00:49:48.123] [Server thread/WARN] [net.minecraft.server.level.ServerEntity/]: Fetching packet for removed entity ItemEntity['Air'/26511, l='ServerLevel[world]', x=331.48, y=89.50, z=-169.50, removed=DISCARDED]
[23Sep2024 00:49:48.123] [Server thread/WARN] [net.minecraft.server.level.ServerEntity/]: Fetching packet for removed entity ItemEntity['Air'/26512, l='ServerLevel[world]', x=332.53, y=89.56, z=-169.56, removed=DISCARDED]
[23Sep2024 00:49:48.123] [Server thread/WARN] [net.minecraft.server.level.ServerEntity/]: Fetching packet for removed entity ItemEntity['Air'/26513, l='ServerLevel[world]', x=330.45, y=89.56, z=-169.45, removed=DISCARDED]
[23Sep2024 00:49:48.123] [Server thread/WARN] [net.minecraft.server.level.ServerEntity/]: Fetching packet for removed entity ItemEntity['Air'/26514, l='ServerLevel[world]', x=331.53, y=89.42, z=-169.52, removed=DISCARDED]
[23Sep2024 00:49:48.123] [Server thread/WARN] [net.minecraft.server.level.ServerEntity/]: Fetching packet for removed entity ItemEntity['Air'/26515, l='ServerLevel[world]', x=330.57, y=89.49, z=-169.55, removed=DISCARDED]
[23Sep2024 00:49:48.123] [Server thread/WARN] [net.minecraft.server.level.ServerEntity/]: Fetching packet for removed entity ItemEntity['Air'/26516, l='ServerLevel[world]', x=331.50, y=89.62, z=-169.39, removed=DISCARDED]
[23Sep2024 00:49:48.123] [Server thread/WARN] [net.minecraft.server.level.ServerEntity/]: Fetching packet for removed entity ItemEntity['Air'/26517, l='ServerLevel[world]', x=332.49, y=89.46, z=-169.40, removed=DISCARDED]
[23Sep2024 00:49:48.123] [Server thread/WARN] [net.minecraft.server.level.ServerEntity/]: Fetching packet for removed entity ItemEntity['Air'/26518, l='ServerLevel[world]', x=330.41, y=89.59, z=-169.42, removed=DISCARDED]
[23Sep2024 00:49:48.124] [Server thread/WARN] [net.minecraft.server.level.ServerEntity/]: Fetching packet for removed entity ItemEntity['Air'/26519, l='ServerLevel[world]', x=331.57, y=89.55, z=-169.57, removed=DISCARDED]
[23Sep2024 00:49:48.124] [Server thread/WARN] [net.minecraft.server.level.ServerEntity/]: Fetching packet for removed entity ItemEntity['Air'/26520, l='ServerLevel[world]', x=330.39, y=89.41, z=-169.52, removed=DISCARDED]
[23Sep2024 00:49:48.124] [Server thread/WARN] [net.minecraft.server.level.ServerEntity/]: Fetching packet for removed entity ItemEntity['Air'/26521, l='ServerLevel[world]', x=331.62, y=89.45, z=-169.42, removed=DISCARDED]
[23Sep2024 00:49:48.124] [Server thread/WARN] [net.minecraft.server.level.ServerEntity/]: Fetching packet for removed entity ItemEntity['Air'/26522, l='ServerLevel[world]', x=332.54, y=89.45, z=-169.38, removed=DISCARDED]
[23Sep2024 00:49:48.124] [Server thread/WARN] [net.minecraft.server.level.ServerEntity/]: Fetching packet for removed entity ItemEntity['Air'/26523, l='ServerLevel[world]', x=330.51, y=89.47, z=-169.46, removed=DISCARDED]
[23Sep2024 00:49:48.124] [Server thread/WARN] [net.minecraft.server.level.ServerEntity/]: Fetching packet for removed entity ItemEntity['Air'/26524, l='ServerLevel[world]', x=331.57, y=89.58, z=-169.55, removed=DISCARDED]
[23Sep2024 00:49:48.124] [Server thread/WARN] [net.minecraft.server.level.ServerEntity/]: Fetching packet for removed entity ItemEntity['Air'/26525, l='ServerLevel[world]', x=330.60, y=89.53, z=-169.60, removed=DISCARDED]
[23Sep2024 00:49:48.124] [Server thread/WARN] [net.minecraft.server.level.ServerEntity/]: Fetching packet for removed entity ItemEntity['Air'/26526, l='ServerLevel[world]', x=331.41, y=89.38, z=-169.46, removed=DISCARDED]
[23Sep2024 00:49:48.125] [Server thread/WARN] [net.minecraft.server.level.ServerEntity/]: Fetching packet for removed entity ItemEntity['Air'/26527, l='ServerLevel[world]', x=332.43, y=89.39, z=-169.38, removed=DISCARDED]
[23Sep2024 00:49:48.125] [Server thread/WARN] [net.minecraft.server.level.ServerEntity/]: Fetching packet for removed entity ItemEntity['Air'/26528, l='ServerLevel[world]', x=330.52, y=89.49, z=-169.61, removed=DISCARDED]
[23Sep2024 00:49:48.125] [Server thread/WARN] [net.minecraft.server.level.ServerEntity/]: Fetching packet for removed entity ItemEntity['Air'/26529, l='ServerLevel[world]', x=331.51, y=89.59, z=-169.55, removed=DISCARDED]
[23Sep2024 00:49:48.125] [Server thread/WARN] [net.minecraft.server.level.ServerEntity/]: Fetching packet for removed entity ItemEntity['Air'/26531, l='ServerLevel[world]', x=331.61, y=89.49, z=-169.55, removed=DISCARDED]
[23Sep2024 00:49:48.125] [Server thread/WARN] [net.minecraft.server.level.ServerEntity/]: Fetching packet for removed entity ItemEntity['Air'/26532, l='ServerLevel[world]', x=332.55, y=89.54, z=-169.38, removed=DISCARDED]
[23Sep2024 00:49:48.125] [Server thread/WARN] [net.minecraft.server.level.ServerEntity/]: Fetching packet for removed entity ItemEntity['Air'/26533, l='ServerLevel[world]', x=330.47, y=89.42, z=-169.49, removed=DISCARDED]
[23Sep2024 00:49:48.125] [Server thread/WARN] [net.minecraft.server.level.ServerEntity/]: Fetching packet for removed entity ItemEntity['Air'/26534, l='ServerLevel[world]', x=331.58, y=89.56, z=-169.52, removed=DISCARDED]
[23Sep2024 00:49:48.125] [Server thread/WARN] [net.minecraft.server.level.ServerEntity/]: Fetching packet for removed entity ItemEntity['Air'/26535, l='ServerLevel[world]', x=330.56, y=89.43, z=-169.58, removed=DISCARDED]
[23Sep2024 00:49:48.126] [Server thread/WARN] [net.minecraft.server.level.ServerEntity/]: Fetching packet for removed entity ItemEntity['Air'/26536, l='ServerLevel[world]', x=331.45, y=89.61, z=-169.61, removed=DISCARDED]
[23Sep2024 00:49:48.126] [Server thread/WARN] [net.minecraft.server.level.ServerEntity/]: Fetching packet for removed entity ItemEntity['Air'/26537, l='ServerLevel[world]', x=332.48, y=89.47, z=-169.56, removed=DISCARDED]
[23Sep2024 00:49:48.126] [Server thread/WARN] [net.minecraft.server.level.ServerEntity/]: Fetching packet for removed entity ItemEntity['Air'/26538, l='ServerLevel[world]', x=330.56, y=89.61, z=-169.52, removed=DISCARDED]
[23Sep2024 00:49:48.126] [Server thread/WARN] [net.minecraft.server.level.ServerEntity/]: Fetching packet for removed entity ItemEntity['Air'/26539, l='ServerLevel[world]', x=331.46, y=89.47, z=-169.39, removed=DISCARDED]
[23Sep2024 00:49:48.126] [Server thread/WARN] [net.minecraft.server.level.ServerEntity/]: Fetching packet for removed entity ItemEntity['Air'/26540, l='ServerLevel[world]', x=330.40, y=89.57, z=-169.50, removed=DISCARDED]
[23Sep2024 00:49:48.126] [Server thread/WARN] [net.minecraft.server.level.ServerEntity/]: Fetching packet for removed entity ItemEntity['Air'/26541, l='ServerLevel[world]', x=331.47, y=89.38, z=-169.60, removed=DISCARDED]
[23Sep2024 00:54:55.475] [Server thread/INFO] [net.minecraft.server.network.ServerGamePacketListenerImpl/]: Reaccon453 lost connection: Disconnected
[23Sep2024 00:54:55.476] [Server thread/INFO] [net.minecraft.server.dedicated.DedicatedServer/]: Reaccon453 left the game
[23Sep2024 00:54:58.933] [Server thread/INFO] [net.minecraft.server.MinecraftServer/]: Stopping server
[23Sep2024 00:54:58.939] [Server thread/INFO] [net.minecraft.server.MinecraftServer/]: Saving players
[23Sep2024 00:54:58.939] [Server thread/INFO] [net.minecraft.server.MinecraftServer/]: Saving worlds
[23Sep2024 00:54:59.014] [Server thread/INFO] [net.minecraft.server.MinecraftServer/]: Saving chunks for level 'ServerLevel[world]'/minecraft:overworld
